{"ts": 1772539167.9014919, "call_id": "90d0db10-5db7-491c-a660-04944bd8d09b", "talklee_call_id": "tlk_92f7ae90ff28", "event_type": "update", "text": "Hello. This", "is_final": false, "confidence": 0.0002}
{"ts": 1772539168.1421156, "call_id": "90d0db10-5db7-491c-a660-04944bd8d09b", "talklee_call_id": "tlk_92f7ae90ff28", "event_type": "update", "text": "Hello. This is", "is_final": false, "confidence": 0.0017}
{"ts": 1772539168.373804, "call_id": "90d0db10-5db7-491c-a660-04944bd8d09b", "talklee_call_id": "tlk_92f7ae90ff28", "event_type": "update", "text": "Hello. This is a tech", "is_final": false, "confidence": 0.0011}
{"ts": 1772539168.6245134, "call_id": "90d0db10-5db7-491c-a660-04944bd8d09b", "talklee_call_id": "tlk_92f7ae90ff28", "event_type": "update", "text": "Hello. This is a text", "is_final": false, "confidence": 0.0008}
{"ts": 1772539168.8641675, "call_id": "90d0db10-5db7-491c-a660-04944bd8d09b", "talklee_call_id": "tlk_92f7ae90ff28", "event_type": "update", "text": "Hello. This is a test greeting", "is_final": false, "confidence": 0.0016}
{"ts": 1772539169.109526, "call_id": "90d0db10-5db7-491c-a660-04944bd8d09b", "talklee_call_id": "tlk_92f7ae90ff28", "event_type": "update", "text": "Hello. This is a test greeting from", "is_final": false, "confidence": 0.0002}
{"ts": 1772539169.357555, "call_id": "90d0db10-5db7-491c-a660-04944bd8d09b", "talklee_call_id": "tlk_92f7ae90ff28", "event_type": "update", "text": "Hello. This is a test greeting from talk", "is_final": false, "confidence": 0.0013}
{"ts": 1772539169.591893, "call_id": "90d0db10-5db7-491c-a660-04944bd8d09b", "talklee_call_id": "tlk_92f7ae90ff28", "event_type": "update", "text": "Hello. This is a test greeting from Talkia", "is_final": false, "confidence": 0.0213}
{"ts": 1772539169.8802319, "call_id": "90d0db10-5db7-491c-a660-04944bd8d09b", "talklee_call_id": "tlk_92f7ae90ff28", "event_type": "update", "text": "Hello. This is a test greeting from Taki AEI", "is_final": false, "confidence": 0.1045}
{"ts": 1772539170.0925894, "call_id": "90d0db10-5db7-491c-a660-04944bd8d09b", "talklee_call_id": "tlk_92f7ae90ff28", "event_type": "update", "text": "Hello. This is a test greeting from Taki AI.", "is_final": false, "confidence": 0.0192}
{"ts": 1772539170.352793, "call_id": "90d0db10-5db7-491c-a660-04944bd8d09b", "talklee_call_id": "tlk_92f7ae90ff28", "event_type": "update", "text": "Hello. This is a test greeting from TawkeAI.", "is_final": false, "confidence": 0.062}
{"ts": 1772539170.5636086, "call_id": "90d0db10-5db7-491c-a660-04944bd8d09b", "talklee_call_id": "tlk_92f7ae90ff28", "event_type": "update", "text": "Hello. This is a test greeting from TawkeAI. How can", "is_final": false, "confidence": 0.0003}
{"ts": 1772539170.8093903, "call_id": "90d0db10-5db7-491c-a660-04944bd8d09b", "talklee_call_id": "tlk_92f7ae90ff28", "event_type": "update", "text": "Hello. This is a test greeting from TawkeAI. How can I", "is_final": false, "confidence": 0.0005}
{"ts": 1772539171.0752962, "call_id": "90d0db10-5db7-491c-a660-04944bd8d09b", "talklee_call_id": "tlk_92f7ae90ff28", "event_type": "update", "text": "Hello. This is a test greeting from TawkeAI. How can I help", "is_final": false, "confidence": 0.103}
{"ts": 1772539171.3351684, "call_id": "90d0db10-5db7-491c-a660-04944bd8d09b", "talklee_call_id": "tlk_92f7ae90ff28", "event_type": "update", "text": "Hello. This is a test greeting from TawkeAI. How can I help you to", "is_final": false, "confidence": 0.1152}
{"ts": 1772539178.5369155, "call_id": "52b2285d-5fdc-4aaf-ba7d-8fbde9bac573", "talklee_call_id": "tlk_5da21832bd51", "event_type": "update", "text": "Hello. This", "is_final": false, "confidence": 0.0155}
{"ts": 1772539178.7918196, "call_id": "52b2285d-5fdc-4aaf-ba7d-8fbde9bac573", "talklee_call_id": "tlk_5da21832bd51", "event_type": "update", "text": "Hello. This is", "is_final": false, "confidence": 0.0299}
{"ts": 1772539179.0202835, "call_id": "52b2285d-5fdc-4aaf-ba7d-8fbde9bac573", "talklee_call_id": "tlk_5da21832bd51", "event_type": "update", "text": "Hello. This is a tech", "is_final": false, "confidence": 0.0132}
{"ts": 1772539179.2751107, "call_id": "52b2285d-5fdc-4aaf-ba7d-8fbde9bac573", "talklee_call_id": "tlk_5da21832bd51", "event_type": "update", "text": "Hello. This is a text", "is_final": false, "confidence": 0.0112}
{"ts": 1772539179.4972217, "call_id": "52b2285d-5fdc-4aaf-ba7d-8fbde9bac573", "talklee_call_id": "tlk_5da21832bd51", "event_type": "update", "text": "Hello. This is a test greeting", "is_final": false, "confidence": 0.0083}
{"ts": 1772539179.751953, "call_id": "52b2285d-5fdc-4aaf-ba7d-8fbde9bac573", "talklee_call_id": "tlk_5da21832bd51", "event_type": "update", "text": "Hello. This is a test greeting from", "is_final": false, "confidence": 0.0028}
{"ts": 1772539179.9787822, "call_id": "52b2285d-5fdc-4aaf-ba7d-8fbde9bac573", "talklee_call_id": "tlk_5da21832bd51", "event_type": "update", "text": "Hello. This is a test greeting from talk", "is_final": false, "confidence": 0.0145}
{"ts": 1772539180.2301486, "call_id": "52b2285d-5fdc-4aaf-ba7d-8fbde9bac573", "talklee_call_id": "tlk_5da21832bd51", "event_type": "update", "text": "Hello. This is a test greeting from Talkia", "is_final": false, "confidence": 0.1016}
{"ts": 1772539180.5003505, "call_id": "52b2285d-5fdc-4aaf-ba7d-8fbde9bac573", "talklee_call_id": "tlk_5da21832bd51", "event_type": "update", "text": "Hello. This is a test greeting from Taki AEI", "is_final": false, "confidence": 0.2546}
{"ts": 1772539180.7041037, "call_id": "52b2285d-5fdc-4aaf-ba7d-8fbde9bac573", "talklee_call_id": "tlk_5da21832bd51", "event_type": "update", "text": "Hello. This is a test greeting from Taki AI.", "is_final": false, "confidence": 0.0648}
{"ts": 1772539180.9454308, "call_id": "52b2285d-5fdc-4aaf-ba7d-8fbde9bac573", "talklee_call_id": "tlk_5da21832bd51", "event_type": "update", "text": "Hello. This is a test greeting from TawkeAI.", "is_final": false, "confidence": 0.1637}
{"ts": 1772539181.2335382, "call_id": "52b2285d-5fdc-4aaf-ba7d-8fbde9bac573", "talklee_call_id": "tlk_5da21832bd51", "event_type": "update", "text": "Hello. This is a test greeting from TawkeAI. How can", "is_final": false, "confidence": 0.0023}
{"ts": 1772539181.4383748, "call_id": "52b2285d-5fdc-4aaf-ba7d-8fbde9bac573", "talklee_call_id": "tlk_5da21832bd51", "event_type": "update", "text": "Hello. This is a test greeting from TawkeAI. How can I", "is_final": false, "confidence": 0.003}
{"ts": 1772539181.6834354, "call_id": "52b2285d-5fdc-4aaf-ba7d-8fbde9bac573", "talklee_call_id": "tlk_5da21832bd51", "event_type": "update", "text": "Hello. This is a test greeting from TawkeAI. How can I help", "is_final": false, "confidence": 0.1852}
{"ts": 1772539181.956383, "call_id": "52b2285d-5fdc-4aaf-ba7d-8fbde9bac573", "talklee_call_id": "tlk_5da21832bd51", "event_type": "update", "text": "Hello. This is a test greeting from TawkeAI. How can I help you to", "is_final": false, "confidence": 0.1772}
{"ts": 1772539189.0607803, "call_id": "0f46b547-32ca-4790-ae6b-f9bfe4170101", "talklee_call_id": "tlk_aeb46aef464b", "event_type": "update", "text": "Hello. This", "is_final": false, "confidence": 0.0007}
{"ts": 1772539189.2996917, "call_id": "0f46b547-32ca-4790-ae6b-f9bfe4170101", "talklee_call_id": "tlk_aeb46aef464b", "event_type": "update", "text": "Hello. This is", "is_final": false, "confidence": 0.0026}
{"ts": 1772539189.5483727, "call_id": "0f46b547-32ca-4790-ae6b-f9bfe4170101", "talklee_call_id": "tlk_aeb46aef464b", "event_type": "update", "text": "Hello. This is a tech", "is_final": false, "confidence": 0.0008}
{"ts": 1772539189.7946708, "call_id": "0f46b547-32ca-4790-ae6b-f9bfe4170101", "talklee_call_id": "tlk_aeb46aef464b", "event_type": "update", "text": "Hello. This is a text", "is_final": false, "confidence": 0.0006}
{"ts": 1772539190.0251963, "call_id": "0f46b547-32ca-4790-ae6b-f9bfe4170101", "talklee_call_id": "tlk_aeb46aef464b", "event_type": "update", "text": "Hello. This is a test greeting", "is_final": false, "confidence": 0.0007}
{"ts": 1772539190.2795238, "call_id": "0f46b547-32ca-4790-ae6b-f9bfe4170101", "talklee_call_id": "tlk_aeb46aef464b", "event_type": "update", "text": "Hello. This is a test greeting from", "is_final": false, "confidence": 0.0002}
{"ts": 1772539190.5710132, "call_id": "0f46b547-32ca-4790-ae6b-f9bfe4170101", "talklee_call_id": "tlk_aeb46aef464b", "event_type": "update", "text": "Hello. This is a test greeting from talk", "is_final": false, "confidence": 0.001}
{"ts": 1772539190.787688, "call_id": "0f46b547-32ca-4790-ae6b-f9bfe4170101", "talklee_call_id": "tlk_aeb46aef464b", "event_type": "update", "text": "Hello. This is a test greeting from Talkia", "is_final": false, "confidence": 0.0142}
{"ts": 1772539191.0587757, "call_id": "0f46b547-32ca-4790-ae6b-f9bfe4170101", "talklee_call_id": "tlk_aeb46aef464b", "event_type": "update", "text": "Hello. This is a test greeting from Taki AEI", "is_final": false, "confidence": 0.0851}
{"ts": 1772539191.2972538, "call_id": "0f46b547-32ca-4790-ae6b-f9bfe4170101", "talklee_call_id": "tlk_aeb46aef464b", "event_type": "update", "text": "Hello. This is a test greeting from Taki AI.", "is_final": false, "confidence": 0.0196}
{"ts": 1772539191.5300908, "call_id": "0f46b547-32ca-4790-ae6b-f9bfe4170101", "talklee_call_id": "tlk_aeb46aef464b", "event_type": "update", "text": "Hello. This is a test greeting from TawkeAI.", "is_final": false, "confidence": 0.0356}
{"ts": 1772539191.7754545, "call_id": "0f46b547-32ca-4790-ae6b-f9bfe4170101", "talklee_call_id": "tlk_aeb46aef464b", "event_type": "update", "text": "Hello. This is a test greeting from TawkeAI. How can", "is_final": false, "confidence": 0.0004}
{"ts": 1772539192.0390787, "call_id": "0f46b547-32ca-4790-ae6b-f9bfe4170101", "talklee_call_id": "tlk_aeb46aef464b", "event_type": "update", "text": "Hello. This is a test greeting from TawkeAI. How can I", "is_final": false, "confidence": 0.001}
{"ts": 1772539192.278428, "call_id": "0f46b547-32ca-4790-ae6b-f9bfe4170101", "talklee_call_id": "tlk_aeb46aef464b", "event_type": "update", "text": "Hello. This is a test greeting from TawkeAI. How can I help", "is_final": false, "confidence": 0.1138}
{"ts": 1772539192.5187886, "call_id": "0f46b547-32ca-4790-ae6b-f9bfe4170101", "talklee_call_id": "tlk_aeb46aef464b", "event_type": "update", "text": "Hello. This is a test greeting from TawkeAI. How can I help you to", "is_final": false, "confidence": 0.0901}
{"ts": 1772539199.2316859, "call_id": "0cc39010-5a34-4815-bc7c-5e9cc36d1368", "talklee_call_id": "tlk_ad310f530ff6", "event_type": "update", "text": "Hello. This", "is_final": false, "confidence": 0.0033}
{"ts": 1772539199.4649913, "call_id": "0cc39010-5a34-4815-bc7c-5e9cc36d1368", "talklee_call_id": "tlk_ad310f530ff6", "event_type": "update", "text": "Hello. This is", "is_final": false, "confidence": 0.013}
{"ts": 1772539199.7080898, "call_id": "0cc39010-5a34-4815-bc7c-5e9cc36d1368", "talklee_call_id": "tlk_ad310f530ff6", "event_type": "update", "text": "Hello. This is a tech", "is_final": false, "confidence": 0.005}
{"ts": 1772539199.9719849, "call_id": "0cc39010-5a34-4815-bc7c-5e9cc36d1368", "talklee_call_id": "tlk_ad310f530ff6", "event_type": "update", "text": "Hello. This is a text", "is_final": false, "confidence": 0.0024}
{"ts": 1772539200.2028146, "call_id": "0cc39010-5a34-4815-bc7c-5e9cc36d1368", "talklee_call_id": "tlk_ad310f530ff6", "event_type": "update", "text": "Hello. This is a test greeting", "is_final": false, "confidence": 0.0025}
{"ts": 1772539200.4782958, "call_id": "0cc39010-5a34-4815-bc7c-5e9cc36d1368", "talklee_call_id": "tlk_ad310f530ff6", "event_type": "update", "text": "Hello. This is a test greeting from", "is_final": false, "confidence": 0.0007}
{"ts": 1772539200.7205186, "call_id": "0cc39010-5a34-4815-bc7c-5e9cc36d1368", "talklee_call_id": "tlk_ad310f530ff6", "event_type": "update", "text": "Hello. This is a test greeting from talk", "is_final": false, "confidence": 0.0045}
{"ts": 1772539200.9697611, "call_id": "0cc39010-5a34-4815-bc7c-5e9cc36d1368", "talklee_call_id": "tlk_ad310f530ff6", "event_type": "update", "text": "Hello. This is a test greeting from Talkia", "is_final": false, "confidence": 0.0784}
{"ts": 1772539201.1731055, "call_id": "0cc39010-5a34-4815-bc7c-5e9cc36d1368", "talklee_call_id": "tlk_ad310f530ff6", "event_type": "update", "text": "Hello. This is a test greeting from Taki AEI", "is_final": false, "confidence": 0.2437}
{"ts": 1772539201.419123, "call_id": "0cc39010-5a34-4815-bc7c-5e9cc36d1368", "talklee_call_id": "tlk_ad310f530ff6", "event_type": "update", "text": "Hello. This is a test greeting from Taki AI.", "is_final": false, "confidence": 0.0267}
{"ts": 1772539201.655559, "call_id": "0cc39010-5a34-4815-bc7c-5e9cc36d1368", "talklee_call_id": "tlk_ad310f530ff6", "event_type": "update", "text": "Hello. This is a test greeting from TawkeAI.", "is_final": false, "confidence": 0.079}
{"ts": 1772539201.9165711, "call_id": "0cc39010-5a34-4815-bc7c-5e9cc36d1368", "talklee_call_id": "tlk_ad310f530ff6", "event_type": "update", "text": "Hello. This is a test greeting from TawkeAI. How can", "is_final": false, "confidence": 0.0012}
{"ts": 1772539202.166487, "call_id": "0cc39010-5a34-4815-bc7c-5e9cc36d1368", "talklee_call_id": "tlk_ad310f530ff6", "event_type": "update", "text": "Hello. This is a test greeting from TawkeAI. How can I", "is_final": false, "confidence": 0.002}
{"ts": 1772539202.3920057, "call_id": "0cc39010-5a34-4815-bc7c-5e9cc36d1368", "talklee_call_id": "tlk_ad310f530ff6", "event_type": "update", "text": "Hello. This is a test greeting from TawkeAI. How can I help", "is_final": false, "confidence": 0.1853}
{"ts": 1772539202.67383, "call_id": "0cc39010-5a34-4815-bc7c-5e9cc36d1368", "talklee_call_id": "tlk_ad310f530ff6", "event_type": "update", "text": "Hello. This is a test greeting from TawkeAI. How can I help you to", "is_final": false, "confidence": 0.1787}
{"ts": 1772539209.6061716, "call_id": "b337c3d6-0487-4038-bbf7-9772d96b5cbc", "talklee_call_id": "tlk_08fb2462927e", "event_type": "update", "text": "Hello. This", "is_final": false, "confidence": 0.0026}
{"ts": 1772539209.84669, "call_id": "b337c3d6-0487-4038-bbf7-9772d96b5cbc", "talklee_call_id": "tlk_08fb2462927e", "event_type": "update", "text": "Hello. This is", "is_final": false, "confidence": 0.0054}
{"ts": 1772539210.0967448, "call_id": "b337c3d6-0487-4038-bbf7-9772d96b5cbc", "talklee_call_id": "tlk_08fb2462927e", "event_type": "update", "text": "Hello. This is a tech", "is_final": false, "confidence": 0.0022}
{"ts": 1772539210.339581, "call_id": "b337c3d6-0487-4038-bbf7-9772d96b5cbc", "talklee_call_id": "tlk_08fb2462927e", "event_type": "update", "text": "Hello. This is a text", "is_final": false, "confidence": 0.0014}
{"ts": 1772539210.5918899, "call_id": "b337c3d6-0487-4038-bbf7-9772d96b5cbc", "talklee_call_id": "tlk_08fb2462927e", "event_type": "update", "text": "Hello. This is a test greeting", "is_final": false, "confidence": 0.0026}
{"ts": 1772539210.81246, "call_id": "b337c3d6-0487-4038-bbf7-9772d96b5cbc", "talklee_call_id": "tlk_08fb2462927e", "event_type": "update", "text": "Hello. This is a test greeting from", "is_final": false, "confidence": 0.0012}
{"ts": 1772539211.0520983, "call_id": "b337c3d6-0487-4038-bbf7-9772d96b5cbc", "talklee_call_id": "tlk_08fb2462927e", "event_type": "update", "text": "Hello. This is a test greeting from talk", "is_final": false, "confidence": 0.005}
{"ts": 1772539211.305763, "call_id": "b337c3d6-0487-4038-bbf7-9772d96b5cbc", "talklee_call_id": "tlk_08fb2462927e", "event_type": "update", "text": "Hello. This is a test greeting from Talkia", "is_final": false, "confidence": 0.0561}
{"ts": 1772539211.5620966, "call_id": "b337c3d6-0487-4038-bbf7-9772d96b5cbc", "talklee_call_id": "tlk_08fb2462927e", "event_type": "update", "text": "Hello. This is a test greeting from Taki AEI", "is_final": false, "confidence": 0.1941}
{"ts": 1772539211.78377, "call_id": "b337c3d6-0487-4038-bbf7-9772d96b5cbc", "talklee_call_id": "tlk_08fb2462927e", "event_type": "update", "text": "Hello. This is a test greeting from Taki AI.", "is_final": false, "confidence": 0.0337}
{"ts": 1772539212.0426495, "call_id": "b337c3d6-0487-4038-bbf7-9772d96b5cbc", "talklee_call_id": "tlk_08fb2462927e", "event_type": "update", "text": "Hello. This is a test greeting from TawkeAI.", "is_final": false, "confidence": 0.0869}
{"ts": 1772539212.2874417, "call_id": "b337c3d6-0487-4038-bbf7-9772d96b5cbc", "talklee_call_id": "tlk_08fb2462927e", "event_type": "update", "text": "Hello. This is a test greeting from TawkeAI. How can", "is_final": false, "confidence": 0.0008}
{"ts": 1772539212.5295722, "call_id": "b337c3d6-0487-4038-bbf7-9772d96b5cbc", "talklee_call_id": "tlk_08fb2462927e", "event_type": "update", "text": "Hello. This is a test greeting from TawkeAI. How can I", "is_final": false, "confidence": 0.0028}
{"ts": 1772539212.7802024, "call_id": "b337c3d6-0487-4038-bbf7-9772d96b5cbc", "talklee_call_id": "tlk_08fb2462927e", "event_type": "update", "text": "Hello. This is a test greeting from TawkeAI. How can I help", "is_final": false, "confidence": 0.1443}
{"ts": 1772539213.0084784, "call_id": "b337c3d6-0487-4038-bbf7-9772d96b5cbc", "talklee_call_id": "tlk_08fb2462927e", "event_type": "update", "text": "Hello. This is a test greeting from TawkeAI. How can I help you to", "is_final": false, "confidence": 0.1699}
{"ts": 1772539219.9617074, "call_id": "22dc6cfb-327a-4f91-8bba-21ab08d70ec9", "talklee_call_id": "tlk_a972da35fb3c", "event_type": "update", "text": "Hello. This", "is_final": false, "confidence": 0.0016}
{"ts": 1772539220.2081757, "call_id": "22dc6cfb-327a-4f91-8bba-21ab08d70ec9", "talklee_call_id": "tlk_a972da35fb3c", "event_type": "update", "text": "Hello. This is", "is_final": false, "confidence": 0.0076}
{"ts": 1772539220.4607935, "call_id": "22dc6cfb-327a-4f91-8bba-21ab08d70ec9", "talklee_call_id": "tlk_a972da35fb3c", "event_type": "update", "text": "Hello. This is a tech", "is_final": false, "confidence": 0.0031}
{"ts": 1772539220.7177982, "call_id": "22dc6cfb-327a-4f91-8bba-21ab08d70ec9", "talklee_call_id": "tlk_a972da35fb3c", "event_type": "update", "text": "Hello. This is a test", "is_final": false, "confidence": 0.0011}
{"ts": 1772539220.9318752, "call_id": "22dc6cfb-327a-4f91-8bba-21ab08d70ec9", "talklee_call_id": "tlk_a972da35fb3c", "event_type": "update", "text": "Hello. This is a test greeting", "is_final": false, "confidence": 0.0025}
{"ts": 1772539221.2215629, "call_id": "22dc6cfb-327a-4f91-8bba-21ab08d70ec9", "talklee_call_id": "tlk_a972da35fb3c", "event_type": "update", "text": "Hello. This is a test greeting from", "is_final": false, "confidence": 0.0004}
{"ts": 1772539221.434461, "call_id": "22dc6cfb-327a-4f91-8bba-21ab08d70ec9", "talklee_call_id": "tlk_a972da35fb3c", "event_type": "update", "text": "Hello. This is a test greeting from talk", "is_final": false, "confidence": 0.0017}
{"ts": 1772539221.6631052, "call_id": "22dc6cfb-327a-4f91-8bba-21ab08d70ec9", "talklee_call_id": "tlk_a972da35fb3c", "event_type": "update", "text": "Hello. This is a test greeting from Talkia", "is_final": false, "confidence": 0.0539}
{"ts": 1772539221.9475465, "call_id": "22dc6cfb-327a-4f91-8bba-21ab08d70ec9", "talklee_call_id": "tlk_a972da35fb3c", "event_type": "update", "text": "Hello. This is a test greeting from Talkia", "is_final": false, "confidence": 0.2477}
{"ts": 1772539222.1950278, "call_id": "22dc6cfb-327a-4f91-8bba-21ab08d70ec9", "talklee_call_id": "tlk_a972da35fb3c", "event_type": "update", "text": "Hello. This is a test greeting from Talkia AI.", "is_final": false, "confidence": 0.0917}
{"ts": 1772539222.4314842, "call_id": "22dc6cfb-327a-4f91-8bba-21ab08d70ec9", "talklee_call_id": "tlk_a972da35fb3c", "event_type": "update", "text": "Hello. This is a test greeting from Talkia AI.", "is_final": false, "confidence": 0.1095}
{"ts": 1772539222.67379, "call_id": "22dc6cfb-327a-4f91-8bba-21ab08d70ec9", "talklee_call_id": "tlk_a972da35fb3c", "event_type": "update", "text": "Hello. This is a test greeting from Talkia AI. Have", "is_final": false, "confidence": 0.0006}
{"ts": 1772539222.907466, "call_id": "22dc6cfb-327a-4f91-8bba-21ab08d70ec9", "talklee_call_id": "tlk_a972da35fb3c", "event_type": "update", "text": "Hello. This is a test greeting from Talkia AI. How can I", "is_final": false, "confidence": 0.0021}
{"ts": 1772539223.1327703, "call_id": "22dc6cfb-327a-4f91-8bba-21ab08d70ec9", "talklee_call_id": "tlk_a972da35fb3c", "event_type": "update", "text": "Hello. This is a test greeting from Talkia AI. How can I help", "is_final": false, "confidence": 0.0825}
{"ts": 1772539223.3752854, "call_id": "22dc6cfb-327a-4f91-8bba-21ab08d70ec9", "talklee_call_id": "tlk_a972da35fb3c", "event_type": "update", "text": "Hello. This is a test greeting from Talkia AI. How can I help you", "is_final": false, "confidence": 0.1039}
{"ts": 1772539223.634772, "call_id": "22dc6cfb-327a-4f91-8bba-21ab08d70ec9", "talklee_call_id": "tlk_a972da35fb3c", "event_type": "update", "text": "Hello. This is a test greeting from Talkia AI. How can I help you today", "is_final": false, "confidence": 0.6387}
{"ts": 1772539230.520093, "call_id": "e741f26d-0b45-455b-b9a8-59d6899bc27b", "talklee_call_id": "tlk_85ec91d1b218", "event_type": "update", "text": "Hello. This", "is_final": false, "confidence": 0.0043}
{"ts": 1772539230.7597659, "call_id": "e741f26d-0b45-455b-b9a8-59d6899bc27b", "talklee_call_id": "tlk_85ec91d1b218", "event_type": "update", "text": "Hello. This is", "is_final": false, "confidence": 0.0128}
{"ts": 1772539230.9988232, "call_id": "e741f26d-0b45-455b-b9a8-59d6899bc27b", "talklee_call_id": "tlk_85ec91d1b218", "event_type": "update", "text": "Hello. This is a tech", "is_final": false, "confidence": 0.0065}
{"ts": 1772539231.2367406, "call_id": "e741f26d-0b45-455b-b9a8-59d6899bc27b", "talklee_call_id": "tlk_85ec91d1b218", "event_type": "update", "text": "Hello. This is a text", "is_final": false, "confidence": 0.0041}
{"ts": 1772539231.4857223, "call_id": "e741f26d-0b45-455b-b9a8-59d6899bc27b", "talklee_call_id": "tlk_85ec91d1b218", "event_type": "update", "text": "Hello. This is a test greeting", "is_final": false, "confidence": 0.0049}
{"ts": 1772539231.7205963, "call_id": "e741f26d-0b45-455b-b9a8-59d6899bc27b", "talklee_call_id": "tlk_85ec91d1b218", "event_type": "update", "text": "Hello. This is a test greeting from", "is_final": false, "confidence": 0.0015}
{"ts": 1772539231.9666615, "call_id": "e741f26d-0b45-455b-b9a8-59d6899bc27b", "talklee_call_id": "tlk_85ec91d1b218", "event_type": "update", "text": "Hello. This is a test greeting from talk", "is_final": false, "confidence": 0.0075}
{"ts": 1772539232.2090116, "call_id": "e741f26d-0b45-455b-b9a8-59d6899bc27b", "talklee_call_id": "tlk_85ec91d1b218", "event_type": "update", "text": "Hello. This is a test greeting from Talkia", "is_final": false, "confidence": 0.1065}
{"ts": 1772539232.4568145, "call_id": "e741f26d-0b45-455b-b9a8-59d6899bc27b", "talklee_call_id": "tlk_85ec91d1b218", "event_type": "update", "text": "Hello. This is a test greeting from Taki AEI", "is_final": false, "confidence": 0.3164}
{"ts": 1772539232.7065582, "call_id": "e741f26d-0b45-455b-b9a8-59d6899bc27b", "talklee_call_id": "tlk_85ec91d1b218", "event_type": "update", "text": "Hello. This is a test greeting from Taki AI.", "is_final": false, "confidence": 0.0681}
{"ts": 1772539232.948906, "call_id": "e741f26d-0b45-455b-b9a8-59d6899bc27b", "talklee_call_id": "tlk_85ec91d1b218", "event_type": "update", "text": "Hello. This is a test greeting from TawkeAI.", "is_final": false, "confidence": 0.1674}
{"ts": 1772539233.197058, "call_id": "e741f26d-0b45-455b-b9a8-59d6899bc27b", "talklee_call_id": "tlk_85ec91d1b218", "event_type": "update", "text": "Hello. This is a test greeting from TawkeAI. How can", "is_final": false, "confidence": 0.0015}
{"ts": 1772539233.4253538, "call_id": "e741f26d-0b45-455b-b9a8-59d6899bc27b", "talklee_call_id": "tlk_85ec91d1b218", "event_type": "update", "text": "Hello. This is a test greeting from TawkeAI. How can I", "is_final": false, "confidence": 0.0026}
{"ts": 1772539233.6772645, "call_id": "e741f26d-0b45-455b-b9a8-59d6899bc27b", "talklee_call_id": "tlk_85ec91d1b218", "event_type": "update", "text": "Hello. This is a test greeting from TawkeAI. How can I help", "is_final": false, "confidence": 0.1836}
{"ts": 1772539233.9100525, "call_id": "e741f26d-0b45-455b-b9a8-59d6899bc27b", "talklee_call_id": "tlk_85ec91d1b218", "event_type": "update", "text": "Hello. This is a test greeting from TawkeAI. How can I help you to", "is_final": false, "confidence": 0.151}
{"ts": 1772539240.901585, "call_id": "a70860fe-98bc-47be-96d9-881cdc03bcb7", "talklee_call_id": "tlk_b72629c2d4d8", "event_type": "update", "text": "Hello. This", "is_final": false, "confidence": 0.003}
{"ts": 1772539241.0979986, "call_id": "a70860fe-98bc-47be-96d9-881cdc03bcb7", "talklee_call_id": "tlk_b72629c2d4d8", "event_type": "update", "text": "Hello. This is", "is_final": false, "confidence": 0.0079}
{"ts": 1772539241.357129, "call_id": "a70860fe-98bc-47be-96d9-881cdc03bcb7", "talklee_call_id": "tlk_b72629c2d4d8", "event_type": "update", "text": "Hello. This is a tech", "is_final": false, "confidence": 0.0032}
{"ts": 1772539241.5889792, "call_id": "a70860fe-98bc-47be-96d9-881cdc03bcb7", "talklee_call_id": "tlk_b72629c2d4d8", "event_type": "update", "text": "Hello. This is a text", "is_final": false, "confidence": 0.0028}
{"ts": 1772539241.862607, "call_id": "a70860fe-98bc-47be-96d9-881cdc03bcb7", "talklee_call_id": "tlk_b72629c2d4d8", "event_type": "update", "text": "Hello. This is a test greeting", "is_final": false, "confidence": 0.0034}
{"ts": 1772539242.086986, "call_id": "a70860fe-98bc-47be-96d9-881cdc03bcb7", "talklee_call_id": "tlk_b72629c2d4d8", "event_type": "update", "text": "Hello. This is a test greeting from", "is_final": false, "confidence": 0.0009}
{"ts": 1772539242.3370123, "call_id": "a70860fe-98bc-47be-96d9-881cdc03bcb7", "talklee_call_id": "tlk_b72629c2d4d8", "event_type": "update", "text": "Hello. This is a test greeting from talk", "is_final": false, "confidence": 0.0067}
{"ts": 1772539242.5699492, "call_id": "a70860fe-98bc-47be-96d9-881cdc03bcb7", "talklee_call_id": "tlk_b72629c2d4d8", "event_type": "update", "text": "Hello. This is a test greeting from Talkia", "is_final": false, "confidence": 0.1113}
{"ts": 1772539242.8029025, "call_id": "a70860fe-98bc-47be-96d9-881cdc03bcb7", "talklee_call_id": "tlk_b72629c2d4d8", "event_type": "update", "text": "Hello. This is a test greeting from Taki AEI", "is_final": false, "confidence": 0.3042}
{"ts": 1772539243.0447857, "call_id": "a70860fe-98bc-47be-96d9-881cdc03bcb7", "talklee_call_id": "tlk_b72629c2d4d8", "event_type": "update", "text": "Hello. This is a test greeting from Taki AI.", "is_final": false, "confidence": 0.0581}
{"ts": 1772539243.2829478, "call_id": "a70860fe-98bc-47be-96d9-881cdc03bcb7", "talklee_call_id": "tlk_b72629c2d4d8", "event_type": "update", "text": "Hello. This is a test greeting from TawkeAI.", "is_final": false, "confidence": 0.1674}
{"ts": 1772539243.5545857, "call_id": "a70860fe-98bc-47be-96d9-881cdc03bcb7", "talklee_call_id": "tlk_b72629c2d4d8", "event_type": "update", "text": "Hello. This is a test greeting from TawkeAI. How can", "is_final": false, "confidence": 0.0014}
{"ts": 1772539243.785557, "call_id": "a70860fe-98bc-47be-96d9-881cdc03bcb7", "talklee_call_id": "tlk_b72629c2d4d8", "event_type": "update", "text": "Hello. This is a test greeting from TawkeAI. How can I", "is_final": false, "confidence": 0.0026}
{"ts": 1772539244.0244582, "call_id": "a70860fe-98bc-47be-96d9-881cdc03bcb7", "talklee_call_id": "tlk_b72629c2d4d8", "event_type": "update", "text": "Hello. This is a test greeting from TawkeAI. How can I help", "is_final": false, "confidence": 0.2007}
{"ts": 1772539244.2620502, "call_id": "a70860fe-98bc-47be-96d9-881cdc03bcb7", "talklee_call_id": "tlk_b72629c2d4d8", "event_type": "update", "text": "Hello. This is a test greeting from TawkeAI. How can I help you to", "is_final": false, "confidence": 0.1781}
{"ts": 1772539251.2206926, "call_id": "e4b3a806-c337-4a41-97b3-9d9f44cf495a", "talklee_call_id": "tlk_37ec29ed283a", "event_type": "update", "text": "Hello. This", "is_final": false, "confidence": 0.0018}
{"ts": 1772539251.4630513, "call_id": "e4b3a806-c337-4a41-97b3-9d9f44cf495a", "talklee_call_id": "tlk_37ec29ed283a", "event_type": "update", "text": "Hello. This is", "is_final": false, "confidence": 0.0066}
{"ts": 1772539251.7057848, "call_id": "e4b3a806-c337-4a41-97b3-9d9f44cf495a", "talklee_call_id": "tlk_37ec29ed283a", "event_type": "update", "text": "Hello. This is a tech", "is_final": false, "confidence": 0.0026}
{"ts": 1772539251.9569576, "call_id": "e4b3a806-c337-4a41-97b3-9d9f44cf495a", "talklee_call_id": "tlk_37ec29ed283a", "event_type": "update", "text": "Hello. This is a text", "is_final": false, "confidence": 0.0017}
{"ts": 1772539252.2174513, "call_id": "e4b3a806-c337-4a41-97b3-9d9f44cf495a", "talklee_call_id": "tlk_37ec29ed283a", "event_type": "update", "text": "Hello. This is a test greeting", "is_final": false, "confidence": 0.002}
{"ts": 1772539252.428072, "call_id": "e4b3a806-c337-4a41-97b3-9d9f44cf495a", "talklee_call_id": "tlk_37ec29ed283a", "event_type": "update", "text": "Hello. This is a test greeting from", "is_final": false, "confidence": 0.0004}
{"ts": 1772539252.6721394, "call_id": "e4b3a806-c337-4a41-97b3-9d9f44cf495a", "talklee_call_id": "tlk_37ec29ed283a", "event_type": "update", "text": "Hello. This is a test greeting from talk", "is_final": false, "confidence": 0.0026}
{"ts": 1772539252.9432688, "call_id": "e4b3a806-c337-4a41-97b3-9d9f44cf495a", "talklee_call_id": "tlk_37ec29ed283a", "event_type": "update", "text": "Hello. This is a test greeting from Talkia", "is_final": false, "confidence": 0.0499}
{"ts": 1772539253.1652362, "call_id": "e4b3a806-c337-4a41-97b3-9d9f44cf495a", "talklee_call_id": "tlk_37ec29ed283a", "event_type": "update", "text": "Hello. This is a test greeting from Taki AEI", "is_final": false, "confidence": 0.1672}
{"ts": 1772539253.4078205, "call_id": "e4b3a806-c337-4a41-97b3-9d9f44cf495a", "talklee_call_id": "tlk_37ec29ed283a", "event_type": "update", "text": "Hello. This is a test greeting from Taki AI.", "is_final": false, "confidence": 0.0241}
{"ts": 1772539253.6402667, "call_id": "e4b3a806-c337-4a41-97b3-9d9f44cf495a", "talklee_call_id": "tlk_37ec29ed283a", "event_type": "update", "text": "Hello. This is a test greeting from TawkeAI.", "is_final": false, "confidence": 0.0812}
{"ts": 1772539253.8814023, "call_id": "e4b3a806-c337-4a41-97b3-9d9f44cf495a", "talklee_call_id": "tlk_37ec29ed283a", "event_type": "update", "text": "Hello. This is a test greeting from TawkeAI. How can", "is_final": false, "confidence": 0.0012}
{"ts": 1772539254.1331406, "call_id": "e4b3a806-c337-4a41-97b3-9d9f44cf495a", "talklee_call_id": "tlk_37ec29ed283a", "event_type": "update", "text": "Hello. This is a test greeting from TawkeAI. How can I", "is_final": false, "confidence": 0.0021}
{"ts": 1772539254.3766437, "call_id": "e4b3a806-c337-4a41-97b3-9d9f44cf495a", "talklee_call_id": "tlk_37ec29ed283a", "event_type": "update", "text": "Hello. This is a test greeting from TawkeAI. How can I help", "is_final": false, "confidence": 0.1931}
{"ts": 1772539254.626585, "call_id": "e4b3a806-c337-4a41-97b3-9d9f44cf495a", "talklee_call_id": "tlk_37ec29ed283a", "event_type": "update", "text": "Hello. This is a test greeting from TawkeAI. How can I help you to", "is_final": false, "confidence": 0.1554}
{"ts": 1772539261.7875361, "call_id": "66c05594-21bb-49ea-869d-6aa6ab0c04df", "talklee_call_id": "tlk_02dcbcfee982", "event_type": "update", "text": "Hello. This", "is_final": false, "confidence": 0.0026}
{"ts": 1772539262.0270445, "call_id": "66c05594-21bb-49ea-869d-6aa6ab0c04df", "talklee_call_id": "tlk_02dcbcfee982", "event_type": "update", "text": "Hello. This is", "is_final": false, "confidence": 0.0121}
{"ts": 1772539262.2849495, "call_id": "66c05594-21bb-49ea-869d-6aa6ab0c04df", "talklee_call_id": "tlk_02dcbcfee982", "event_type": "update", "text": "Hello. This is a tech", "is_final": false, "confidence": 0.0036}
{"ts": 1772539262.5086665, "call_id": "66c05594-21bb-49ea-869d-6aa6ab0c04df", "talklee_call_id": "tlk_02dcbcfee982", "event_type": "update", "text": "Hello. This is a text", "is_final": false, "confidence": 0.002}
{"ts": 1772539262.747633, "call_id": "66c05594-21bb-49ea-869d-6aa6ab0c04df", "talklee_call_id": "tlk_02dcbcfee982", "event_type": "update", "text": "Hello. This is a test greeting", "is_final": false, "confidence": 0.0015}
{"ts": 1772539262.994144, "call_id": "66c05594-21bb-49ea-869d-6aa6ab0c04df", "talklee_call_id": "tlk_02dcbcfee982", "event_type": "update", "text": "Hello. This is a test greeting from", "is_final": false, "confidence": 0.0003}
{"ts": 1772539263.2251809, "call_id": "66c05594-21bb-49ea-869d-6aa6ab0c04df", "talklee_call_id": "tlk_02dcbcfee982", "event_type": "update", "text": "Hello. This is a test greeting from talk", "is_final": false, "confidence": 0.0019}
{"ts": 1772539263.4731386, "call_id": "66c05594-21bb-49ea-869d-6aa6ab0c04df", "talklee_call_id": "tlk_02dcbcfee982", "event_type": "update", "text": "Hello. This is a test greeting from Talkia", "is_final": false, "confidence": 0.0418}
{"ts": 1772539263.7117047, "call_id": "66c05594-21bb-49ea-869d-6aa6ab0c04df", "talklee_call_id": "tlk_02dcbcfee982", "event_type": "update", "text": "Hello. This is a test greeting from Taki AEI", "is_final": false, "confidence": 0.1604}
{"ts": 1772539263.9621458, "call_id": "66c05594-21bb-49ea-869d-6aa6ab0c04df", "talklee_call_id": "tlk_02dcbcfee982", "event_type": "update", "text": "Hello. This is a test greeting from Taki AI.", "is_final": false, "confidence": 0.0228}
{"ts": 1772539264.205764, "call_id": "66c05594-21bb-49ea-869d-6aa6ab0c04df", "talklee_call_id": "tlk_02dcbcfee982", "event_type": "update", "text": "Hello. This is a test greeting from TawkeAI.", "is_final": false, "confidence": 0.058}
{"ts": 1772539264.4800007, "call_id": "66c05594-21bb-49ea-869d-6aa6ab0c04df", "talklee_call_id": "tlk_02dcbcfee982", "event_type": "update", "text": "Hello. This is a test greeting from TawkeAI. How can", "is_final": false, "confidence": 0.0013}
{"ts": 1772539264.7352774, "call_id": "66c05594-21bb-49ea-869d-6aa6ab0c04df", "talklee_call_id": "tlk_02dcbcfee982", "event_type": "update", "text": "Hello. This is a test greeting from TawkeAI. How can I", "is_final": false, "confidence": 0.0024}
{"ts": 1772539264.9689066, "call_id": "66c05594-21bb-49ea-869d-6aa6ab0c04df", "talklee_call_id": "tlk_02dcbcfee982", "event_type": "update", "text": "Hello. This is a test greeting from TawkeAI. How can I help", "is_final": false, "confidence": 0.2029}
{"ts": 1772539265.1743255, "call_id": "66c05594-21bb-49ea-869d-6aa6ab0c04df", "talklee_call_id": "tlk_02dcbcfee982", "event_type": "update", "text": "Hello. This is a test greeting from TawkeAI. How can I help you to", "is_final": false, "confidence": 0.1542}
{"ts": 1772539272.171673, "call_id": "028b64c1-c7eb-4129-aa54-dd49f2a710e2", "talklee_call_id": "tlk_97143db30a7c", "event_type": "update", "text": "Hello. This", "is_final": false, "confidence": 0.0023}
{"ts": 1772539272.4432602, "call_id": "028b64c1-c7eb-4129-aa54-dd49f2a710e2", "talklee_call_id": "tlk_97143db30a7c", "event_type": "update", "text": "Hello. This is", "is_final": false, "confidence": 0.0116}
{"ts": 1772539272.6603613, "call_id": "028b64c1-c7eb-4129-aa54-dd49f2a710e2", "talklee_call_id": "tlk_97143db30a7c", "event_type": "update", "text": "Hello. This is a tech", "is_final": false, "confidence": 0.0035}
{"ts": 1772539272.890166, "call_id": "028b64c1-c7eb-4129-aa54-dd49f2a710e2", "talklee_call_id": "tlk_97143db30a7c", "event_type": "update", "text": "Hello. This is a text", "is_final": false, "confidence": 0.0021}
{"ts": 1772539273.1437597, "call_id": "028b64c1-c7eb-4129-aa54-dd49f2a710e2", "talklee_call_id": "tlk_97143db30a7c", "event_type": "update", "text": "Hello. This is a test greeting", "is_final": false, "confidence": 0.0025}
{"ts": 1772539273.4177103, "call_id": "028b64c1-c7eb-4129-aa54-dd49f2a710e2", "talklee_call_id": "tlk_97143db30a7c", "event_type": "update", "text": "Hello. This is a test greeting from", "is_final": false, "confidence": 0.0007}
{"ts": 1772539273.6408615, "call_id": "028b64c1-c7eb-4129-aa54-dd49f2a710e2", "talklee_call_id": "tlk_97143db30a7c", "event_type": "update", "text": "Hello. This is a test greeting from talk", "is_final": false, "confidence": 0.0041}
{"ts": 1772539273.876005, "call_id": "028b64c1-c7eb-4129-aa54-dd49f2a710e2", "talklee_call_id": "tlk_97143db30a7c", "event_type": "update", "text": "Hello. This is a test greeting from Talkia", "is_final": false, "confidence": 0.0771}
{"ts": 1772539274.112943, "call_id": "028b64c1-c7eb-4129-aa54-dd49f2a710e2", "talklee_call_id": "tlk_97143db30a7c", "event_type": "update", "text": "Hello. This is a test greeting from Taki AEI", "is_final": false, "confidence": 0.2362}
{"ts": 1772539274.3615708, "call_id": "028b64c1-c7eb-4129-aa54-dd49f2a710e2", "talklee_call_id": "tlk_97143db30a7c", "event_type": "update", "text": "Hello. This is a test greeting from Taki AI.", "is_final": false, "confidence": 0.0397}
{"ts": 1772539274.642861, "call_id": "028b64c1-c7eb-4129-aa54-dd49f2a710e2", "talklee_call_id": "tlk_97143db30a7c", "event_type": "update", "text": "Hello. This is a test greeting from TawkeAI.", "is_final": false, "confidence": 0.1009}
{"ts": 1772539274.8836873, "call_id": "028b64c1-c7eb-4129-aa54-dd49f2a710e2", "talklee_call_id": "tlk_97143db30a7c", "event_type": "update", "text": "Hello. This is a test greeting from TawkeAI. How can", "is_final": false, "confidence": 0.0011}
{"ts": 1772539275.0909002, "call_id": "028b64c1-c7eb-4129-aa54-dd49f2a710e2", "talklee_call_id": "tlk_97143db30a7c", "event_type": "update", "text": "Hello. This is a test greeting from TawkeAI. How can I", "is_final": false, "confidence": 0.0019}
{"ts": 1772539275.3698132, "call_id": "028b64c1-c7eb-4129-aa54-dd49f2a710e2", "talklee_call_id": "tlk_97143db30a7c", "event_type": "update", "text": "Hello. This is a test greeting from TawkeAI. How can I help", "is_final": false, "confidence": 0.1669}
{"ts": 1772539275.5694866, "call_id": "028b64c1-c7eb-4129-aa54-dd49f2a710e2", "talklee_call_id": "tlk_97143db30a7c", "event_type": "update", "text": "Hello. This is a test greeting from TawkeAI. How can I help you to", "is_final": false, "confidence": 0.1517}
{"ts": 1772539282.6619422, "call_id": "439688d3-bf67-49c3-a7e7-05c9c75dd729", "talklee_call_id": "tlk_b12fd070eac3", "event_type": "update", "text": "Hello. This", "is_final": false, "confidence": 0.0049}
{"ts": 1772539282.9189079, "call_id": "439688d3-bf67-49c3-a7e7-05c9c75dd729", "talklee_call_id": "tlk_b12fd070eac3", "event_type": "update", "text": "Hello. This is", "is_final": false, "confidence": 0.0119}
{"ts": 1772539283.1700304, "call_id": "439688d3-bf67-49c3-a7e7-05c9c75dd729", "talklee_call_id": "tlk_b12fd070eac3", "event_type": "update", "text": "Hello. This is a tech", "is_final": false, "confidence": 0.0058}
{"ts": 1772539283.4140832, "call_id": "439688d3-bf67-49c3-a7e7-05c9c75dd729", "talklee_call_id": "tlk_b12fd070eac3", "event_type": "update", "text": "Hello. This is a text", "is_final": false, "confidence": 0.0036}
{"ts": 1772539283.658098, "call_id": "439688d3-bf67-49c3-a7e7-05c9c75dd729", "talklee_call_id": "tlk_b12fd070eac3", "event_type": "update", "text": "Hello. This is a test greeting", "is_final": false, "confidence": 0.004}
{"ts": 1772539283.9025362, "call_id": "439688d3-bf67-49c3-a7e7-05c9c75dd729", "talklee_call_id": "tlk_b12fd070eac3", "event_type": "update", "text": "Hello. This is a test greeting from", "is_final": false, "confidence": 0.0012}
{"ts": 1772539284.1542373, "call_id": "439688d3-bf67-49c3-a7e7-05c9c75dd729", "talklee_call_id": "tlk_b12fd070eac3", "event_type": "update", "text": "Hello. This is a test greeting from talk", "is_final": false, "confidence": 0.0065}
{"ts": 1772539284.4050117, "call_id": "439688d3-bf67-49c3-a7e7-05c9c75dd729", "talklee_call_id": "tlk_b12fd070eac3", "event_type": "update", "text": "Hello. This is a test greeting from Talkia", "is_final": false, "confidence": 0.0879}
{"ts": 1772539284.6066358, "call_id": "439688d3-bf67-49c3-a7e7-05c9c75dd729", "talklee_call_id": "tlk_b12fd070eac3", "event_type": "update", "text": "Hello. This is a test greeting from Taki AEI", "is_final": false, "confidence": 0.2849}
{"ts": 1772539284.857628, "call_id": "439688d3-bf67-49c3-a7e7-05c9c75dd729", "talklee_call_id": "tlk_b12fd070eac3", "event_type": "update", "text": "Hello. This is a test greeting from Taki AI.", "is_final": false, "confidence": 0.0536}
{"ts": 1772539285.1018102, "call_id": "439688d3-bf67-49c3-a7e7-05c9c75dd729", "talklee_call_id": "tlk_b12fd070eac3", "event_type": "update", "text": "Hello. This is a test greeting from TawkeAI.", "is_final": false, "confidence": 0.129}
{"ts": 1772539285.3457937, "call_id": "439688d3-bf67-49c3-a7e7-05c9c75dd729", "talklee_call_id": "tlk_b12fd070eac3", "event_type": "update", "text": "Hello. This is a test greeting from TawkeAI. How can", "is_final": false, "confidence": 0.0012}
{"ts": 1772539285.5971665, "call_id": "439688d3-bf67-49c3-a7e7-05c9c75dd729", "talklee_call_id": "tlk_b12fd070eac3", "event_type": "update", "text": "Hello. This is a test greeting from TawkeAI. How can I", "is_final": false, "confidence": 0.0026}
{"ts": 1772539285.8560514, "call_id": "439688d3-bf67-49c3-a7e7-05c9c75dd729", "talklee_call_id": "tlk_b12fd070eac3", "event_type": "update", "text": "Hello. This is a test greeting from TawkeAI. How can I help", "is_final": false, "confidence": 0.1744}
{"ts": 1772539286.0584617, "call_id": "439688d3-bf67-49c3-a7e7-05c9c75dd729", "talklee_call_id": "tlk_b12fd070eac3", "event_type": "update", "text": "Hello. This is a test greeting from TawkeAI. How can I help you to", "is_final": false, "confidence": 0.1627}
